#
# There is insufficient memory for the Java Runtime Environment to continue.
# Native memory allocation (mmap) failed to map 268435456 bytes for G1 virtual space
# Possible reasons:
#   The system is out of physical RAM or swap space
#   The process is running with CompressedOops enabled, and the Java Heap may be blocking the growth of the native heap
# Possible solutions:
#   Reduce memory load on the system
#   Increase physical memory or swap space
#   Check if swap backing store is full
#   Decrease Java heap size (-Xmx/-Xms)
#   Decrease number of Java threads
#   Decrease Java thread stack sizes (-Xss)
#   Set larger code cache with -XX:ReservedCodeCacheSize=
#   JVM is running with Zero Based Compressed Oops mode in which the Java heap is
#     placed in the first 32GB address space. The Java Heap base address is the
#     maximum limit for the native heap growth. Please use -XX:HeapBaseMinAddress
#     to set the Java Heap base and to place the Java Heap above 32GB virtual address.
# This output file may be truncated or incomplete.
#
#  Out of Memory Error (os_windows.cpp:3769), pid=4240, tid=9708
#
# JRE version:  (17.0.6) (build )
# Java VM: OpenJDK 64-Bit Server VM (17.0.6+0-b2043.56-10027231, mixed mode, sharing, tiered, compressed oops, compressed class ptrs, g1 gc, windows-amd64)
# No core dump will be written. Minidumps are not enabled by default on client versions of Windows
#

---------------  S U M M A R Y ------------

Command Line: org.jetbrains.kotlin.cli.jvm.K2JVMCompiler @D:\Android\ProjetoTheFinal\app\build\20231113_6270097657564295650.compiler.options

Host: AMD Ryzen 5 1400 Quad-Core Processor           , 8 cores, 15G,  Windows 10 , 64 bit Build 19041 (10.0.19041.3570)
Time: Mon Nov 13 19:23:27 2023 Hora padrão de GMT elapsed time: 0.021040 seconds (0d 0h 0m 0s)

---------------  T H R E A D  ---------------

Current thread (0x00000290d73e2e70):  JavaThread "Unknown thread" [_thread_in_vm, id=9708, stack(0x000000def6700000,0x000000def6800000)]

Stack: [0x000000def6700000,0x000000def6800000]
Native frames: (J=compiled Java code, j=interpreted, Vv=VM code, C=native code)
V  [jvm.dll+0x683c9a]
V  [jvm.dll+0x8427a4]
V  [jvm.dll+0x843f9e]
V  [jvm.dll+0x844603]
V  [jvm.dll+0x249b75]
V  [jvm.dll+0x680b69]
V  [jvm.dll+0x67505a]
V  [jvm.dll+0x309acb]
V  [jvm.dll+0x310f86]
V  [jvm.dll+0x3608ee]
V  [jvm.dll+0x360b1f]
V  [jvm.dll+0x2dfbf8]
V  [jvm.dll+0x2e0b64]
V  [jvm.dll+0x814091]
V  [jvm.dll+0x36e6a1]
V  [jvm.dll+0x7f35cc]
V  [jvm.dll+0x3f0e8f]
V  [jvm.dll+0x3f29d1]
C  [jli.dll+0x526b]
C  [ucrtbase.dll+0x21bb2]
C  [KERNEL32.DLL+0x17344]
C  [ntdll.dll+0x526b1]


---------------  P R O C E S S  ---------------

Threads class SMR info:
_java_thread_list=0x00007ffd2f5fc058, length=0, elements={
}

Java Threads: ( => current thread )

Other Threads:
  0x00000290d744fda0 GCTaskThread "GC Thread#0" [stack: 0x000000def6800000,0x000000def6900000] [id=12252]
  0x00000290d7461c00 ConcurrentGCThread "G1 Main Marker" [stack: 0x000000def6900000,0x000000def6a00000] [id=22364]
  0x00000290d7462db0 ConcurrentGCThread "G1 Conc#0" [stack: 0x000000def6a00000,0x000000def6b00000] [id=1776]

[error occurred during error reporting (printing all threads), id 0xc0000005, EXCEPTION_ACCESS_VIOLATION (0xc0000005) at pc=0x00007ffd2edb0797]

VM state: not at safepoint (not fully initialized)

VM Mutex/Monitor currently owned by a thread:  ([mutex/lock_event])
[0x00000290d73dd6d0] Heap_lock - owner thread: 0x00000290d73e2e70

Heap address: 0x0000000701c00000, size: 4068 MB, Compressed Oops mode: Zero based, Oop shift amount: 3

CDS archive(s) mapped at: [0x0000000000000000-0x0000000000000000-0x0000000000000000), size 0, SharedBaseAddress: 0x0000000800000000, ArchiveRelocationMode: 0.
Narrow klass base: 0x0000000000000000, Narrow klass shift: 0, Narrow klass range: 0x0

GC Precious Log:
<Empty>

Heap:
 garbage-first heap   total 0K, used 0K [0x0000000701c00000, 0x0000000800000000)
  region size 2048K, 0 young (0K), 0 survivors (0K)

[error occurred during error reporting (printing heap information), id 0xc0000005, EXCEPTION_ACCESS_VIOLATION (0xc0000005) at pc=0x00007ffd2f19da89]

GC Heap History (0 events):
No events

Dll operation events (1 events):
Event: 0.013 Loaded shared library D:\Android\Android Studio\jbr\bin\java.dll

Deoptimization events (0 events):
No events

Classes unloaded (0 events):
No events

Classes redefined (0 events):
No events

Internal exceptions (0 events):
No events

VM Operations (0 events):
No events

Events (0 events):
No events


Dynamic libraries:
0x00007ff78d640000 - 0x00007ff78d64a000 	D:\Android\Android Studio\jbr\bin\java.exe
0x00007ffdcbbd0000 - 0x00007ffdcbdc7000 	C:\WINDOWS\SYSTEM32\ntdll.dll
0x00007ffd8c6f0000 - 0x00007ffd8c709000 	C:\Program Files\AVG\Antivirus\aswhook.dll
0x00007ffdcaf00000 - 0x00007ffdcafbd000 	C:\WINDOWS\System32\KERNEL32.DLL
0x00007ffdc95c0000 - 0x00007ffdc98b6000 	C:\WINDOWS\System32\KERNELBASE.dll
0x00007ffdc92e0000 - 0x00007ffdc93e0000 	C:\WINDOWS\System32\ucrtbase.dll
0x00007ffdb02d0000 - 0x00007ffdb02e7000 	D:\Android\Android Studio\jbr\bin\jli.dll
0x00007ffdc3000000 - 0x00007ffdc301b000 	D:\Android\Android Studio\jbr\bin\VCRUNTIME140.dll
0x00007ffdcb830000 - 0x00007ffdcb9ce000 	C:\WINDOWS\System32\USER32.dll
0x00007ffdbb850000 - 0x00007ffdbbaea000 	C:\WINDOWS\WinSxS\amd64_microsoft.windows.common-controls_6595b64144ccf1df_6.0.19041.3570_none_60bb2a3971f3e41a\COMCTL32.dll
0x00007ffdc92b0000 - 0x00007ffdc92d2000 	C:\WINDOWS\System32\win32u.dll
0x00007ffdca7e0000 - 0x00007ffdca87e000 	C:\WINDOWS\System32\msvcrt.dll
0x00007ffdcaed0000 - 0x00007ffdcaefc000 	C:\WINDOWS\System32\GDI32.dll
0x00007ffdc9950000 - 0x00007ffdc9a6a000 	C:\WINDOWS\System32\gdi32full.dll
0x00007ffdc9a70000 - 0x00007ffdc9b0d000 	C:\WINDOWS\System32\msvcp_win.dll
0x00007ffdcacf0000 - 0x00007ffdcad20000 	C:\WINDOWS\System32\IMM32.DLL
0x00007ffdc4ca0000 - 0x00007ffdc4cac000 	D:\Android\Android Studio\jbr\bin\vcruntime140_1.dll
0x00007ffd9fdc0000 - 0x00007ffd9fe4d000 	D:\Android\Android Studio\jbr\bin\msvcp140.dll
0x00007ffd2eac0000 - 0x00007ffd2f72e000 	D:\Android\Android Studio\jbr\bin\server\jvm.dll
0x00007ffdca9d0000 - 0x00007ffdcaa7e000 	C:\WINDOWS\System32\ADVAPI32.dll
0x00007ffdcafc0000 - 0x00007ffdcb05c000 	C:\WINDOWS\System32\sechost.dll
0x00007ffdca650000 - 0x00007ffdca776000 	C:\WINDOWS\System32\RPCRT4.dll
0x00007ffdbdd50000 - 0x00007ffdbdd77000 	C:\WINDOWS\SYSTEM32\WINMM.dll
0x00007ffda6f30000 - 0x00007ffda6f39000 	C:\WINDOWS\SYSTEM32\WSOCK32.dll
0x00007ffdc2450000 - 0x00007ffdc245a000 	C:\WINDOWS\SYSTEM32\VERSION.dll
0x00007ffdcaa80000 - 0x00007ffdcaaeb000 	C:\WINDOWS\System32\WS2_32.dll
0x00007ffdc7ac0000 - 0x00007ffdc7ad2000 	C:\WINDOWS\SYSTEM32\kernel.appcore.dll
0x00007ffdc4c80000 - 0x00007ffdc4c8a000 	D:\Android\Android Studio\jbr\bin\jimage.dll
0x00007ffdc6e40000 - 0x00007ffdc7024000 	C:\WINDOWS\SYSTEM32\DBGHELP.DLL
0x00007ffdbc5e0000 - 0x00007ffdbc614000 	C:\WINDOWS\SYSTEM32\dbgcore.DLL
0x00007ffdc98c0000 - 0x00007ffdc9942000 	C:\WINDOWS\System32\bcryptPrimitives.dll
0x00007ffdba350000 - 0x00007ffdba375000 	D:\Android\Android Studio\jbr\bin\java.dll

dbghelp: loaded successfully - version: 4.0.5 - missing functions: none
symbol engine: initialized successfully - sym options: 0x614 - pdb path: .;D:\Android\Android Studio\jbr\bin;C:\WINDOWS\SYSTEM32;C:\Program Files\AVG\Antivirus;C:\WINDOWS\WinSxS\amd64_microsoft.windows.common-controls_6595b64144ccf1df_6.0.19041.3570_none_60bb2a3971f3e41a;D:\Android\Android Studio\jbr\bin\server

VM Arguments:
java_command: org.jetbrains.kotlin.cli.jvm.K2JVMCompiler @D:\Android\ProjetoTheFinal\app\build\20231113_6270097657564295650.compiler.options
java_class_path (initial): C:\Users\Thomas\.gradle\caches\modules-2\files-2.1\org.jetbrains.kotlin\kotlin-compiler-embeddable\1.8.10\b0757fd774344d54ce93f5ad6c30ba1c1731c8ff\kotlin-compiler-embeddable-1.8.10.jar;C:\Users\Thomas\.gradle\caches\modules-2\files-2.1\org.jetbrains.kotlin\kotlin-stdlib\1.8.10\6d5560a229477df9406943d5feda5618e98eb64c\kotlin-stdlib-1.8.10.jar;C:\Users\Thomas\.gradle\caches\modules-2\files-2.1\org.jetbrains.kotlin\kotlin-script-runtime\1.8.10\b13ea9c7e46d589139e56086a878763290e20bd5\kotlin-script-runtime-1.8.10.jar;C:\Users\Thomas\.gradle\caches\modules-2\files-2.1\org.jetbrains.kotlin\kotlin-reflect\1.6.10\1cbe9c92c12a94eea200d23c2bbaedaf3daf5132\kotlin-reflect-1.6.10.jar;C:\Users\Thomas\.gradle\caches\modules-2\files-2.1\org.jetbrains.kotlin\kotlin-daemon-embeddable\1.8.10\ad8541d9bc1cf9e52c3204161247910c2cf601d4\kotlin-daemon-embeddable-1.8.10.jar;C:\Users\Thomas\.gradle\caches\modules-2\files-2.1\org.jetbrains.intellij.deps\trove4j\1.0.20200330\3afb14d5f9ceb459d724e907a21145e8ff394f02\trove4j-1.0.20200330.jar;C:\Users\Thomas\.gradle\caches\modules-2\files-2.1\net.java.dev.jna\jna\5.6.0\330f2244e9030119ab3030fc3fededc86713d9cc\jna-5.6.0.jar;C:\Users\Thomas\.gradle\caches\modules-2\files-2.1\org.jetbrains.kotlin\kotlin-stdlib-common\1.8.10\a61b182458550492c12aee66157d7b524a63a5ec\kotlin-stdlib-common-1.8.10.jar;C:\Users\Thomas\.gradle\caches\modules-2\files-2.1\org.jetbrains\annotations\13.0\919f0dfe192fb4e063e7dacadee7f8bb9a2672a9\annotations-13.0.jar
Launcher Type: SUN_STANDARD

[Global flags]
     intx CICompilerCount                          = 4                                         {product} {ergonomic}
     uint ConcGCThreads                            = 2                                         {product} {ergonomic}
     uint G1ConcRefinementThreads                  = 8                                         {product} {ergonomic}
   size_t G1HeapRegionSize                         = 2097152                                   {product} {ergonomic}
    uintx GCDrainStackTargetSize                   = 64                                        {product} {ergonomic}
   size_t InitialHeapSize                          = 268435456                                 {product} {ergonomic}
   size_t MarkStackSize                            = 4194304                                   {product} {ergonomic}
   size_t MaxHeapSize                              = 4265607168                                {product} {ergonomic}
   size_t MinHeapDeltaBytes                        = 2097152                                   {product} {ergonomic}
   size_t MinHeapSize                              = 8388608                                   {product} {ergonomic}
    uintx NonNMethodCodeHeapSize                   = 5839372                                {pd product} {ergonomic}
    uintx NonProfiledCodeHeapSize                  = 122909434                              {pd product} {ergonomic}
    uintx ProfiledCodeHeapSize                     = 122909434                              {pd product} {ergonomic}
    uintx ReservedCodeCacheSize                    = 251658240                              {pd product} {ergonomic}
     bool SegmentedCodeCache                       = true                                      {product} {ergonomic}
   size_t SoftMaxHeapSize                          = 4265607168                             {manageable} {ergonomic}
     bool UseCompressedClassPointers               = true                           {product lp64_product} {ergonomic}
     bool UseCompressedOops                        = true                           {product lp64_product} {ergonomic}
     bool UseG1GC                                  = true                                      {product} {ergonomic}
     bool UseLargePagesIndividualAllocation        = false                                  {pd product} {ergonomic}

Logging:
Log output configuration:
 #0: stdout all=warning uptime,level,tags
 #1: stderr all=off uptime,level,tags

Environment Variables:
JAVA_HOME=D:\jdk 17
PATH=C:\Program Files\Common Files\Oracle\Java\javapath;C:\Program Files (x86)\Common Files\Oracle\Java\javapath;C:\Program Files (x86)\Razer Chroma SDK\bin;C:\Program Files\Razer Chroma SDK\bin;C:\Program Files (x86)\Razer\ChromaBroadcast\bin;C:\Program Files\Razer\ChromaBroadcast\bin;C:\Program Files (x86)\Common Files\Intel\Shared Libraries\redist\intel64\compiler;C:\Program Files (x86)\NVIDIA Corporation\PhysX\Common;C:\ProgramData\Oracle\Java\javapath;C:\Program Files (x86)\Razer Chroma SDK\bin;C:\Program Files (x86)\Common Files\Razer Chroma SDK\bin;D:\Razer Chroma SDK\bin;C:\windows\system32;C:\windows;C:\windows\System32\Wbem;C:\windows\System32\WindowsPowerShell\v1.0\;C:\WINDOWS\system32;C:\WINDOWS;C:\WINDOWS\System32\Wbem;C:\WINDOWS\System32\WindowsPowerShell\v1.0\;C:\WINDOWS\System32\OpenSSH\;C:\WINDOWS\system32\config\systemprofile\AppData\Local\Microsoft\WindowsApps;C:\Users\Thomas\AppData\Local\Microsoft\WindowsApps;C:\Program Files (x86)\Windows Live\Shared;C:\Program Files (x86)\Common Files\dotnet\;C:\WINDOWS\system32;C:\WINDOWS;C:\WINDOWS\System32\Wbem;C:\WINDOWS\System32\WindowsPowerShell\v1.0\;C:\WINDOWS\System32\OpenSSH\;D:\ZenMap\Nmap;G:\Microsoft VS Code\bin;C:\Users\Thomas\AppData\Roaming\npm;G:\Maven\apache-maven-3.9.2\bin;D:\Git\cmd;D:\Node_JS\;D:\kotlinc\bin;C:\Users\Thomas\AppData\Local\Microsoft\WindowsApps;D:\ZenMap\Nmap;D:\Microsoft VS Code\bin;C:\Users\Thomas\AppData\Roaming\npm;C:\Users\Thomas\AppData\Local\GitHubDesktop\bin
USERNAME=Thomas
OS=Windows_NT
PROCESSOR_IDENTIFIER=AMD64 Family 23 Model 1 Stepping 1, AuthenticAMD
TMP=C:\Users\Thomas\AppData\Local\Temp
TEMP=C:\Users\Thomas\AppData\Local\Temp


JNI global refs:

[error occurred during error reporting (JNI global references), id 0xc0000005, EXCEPTION_ACCESS_VIOLATION (0xc0000005) at pc=0x00007ffd2eb77a10]


---------------  S Y S T E M  ---------------

OS:
 Windows 10 , 64 bit Build 19041 (10.0.19041.3570)
OS uptime: 0 days 5:36 hours
Hyper-V role detected

CPU: total 8 (initial active 8) (8 cores per cpu, 2 threads per core) family 23 model 1 stepping 1 microcode 0x0, cx8, cmov, fxsr, ht, mmx, 3dnowpref, sse, sse2, sse3, ssse3, sse4a, sse4.1, sse4.2, popcnt, lzcnt, tsc, tscinvbit, avx, avx2, aes, clmul, bmi1, bmi2, adx, sha, fma, vzeroupper, clflush, clflushopt, hv

Memory: 4k page, system-wide physical 16268M (3008M free)
TotalPageFile size 18315M (AvailPageFile size 148M)
current process WorkingSet (physical memory assigned to process): 11M, peak: 11M
current process commit charge ("private bytes"): 60M, peak: 316M

vm_info: OpenJDK 64-Bit Server VM (17.0.6+0-b2043.56-10027231) for windows-amd64 JRE (17.0.6+0-b2043.56-10027231), built on Apr 28 2023 00:43:19 by "androidbuild" with MS VC++ 16.10 / 16.11 (VS2019)

END.
